[2023-08-31 08:20:40] local.ERROR: The "--columns" option does not exist. {"exception":"[object] (Symfony\\Component\\Console\\Exception\\RuntimeException(code: 0): The \"--columns\" option does not exist. at /opt/lampp/htdocs/laravel/ecommerce/vendor/symfony/console/Input/ArgvInput.php:223)
[stacktrace]
#0 /opt/lampp/htdocs/laravel/ecommerce/vendor/symfony/console/Input/ArgvInput.php(150): Symfony\\Component\\Console\\Input\\ArgvInput->addLongOption()
#1 /opt/lampp/htdocs/laravel/ecommerce/vendor/symfony/console/Input/ArgvInput.php(85): Symfony\\Component\\Console\\Input\\ArgvInput->parseLongOption()
#2 /opt/lampp/htdocs/laravel/ecommerce/vendor/symfony/console/Input/ArgvInput.php(74): Symfony\\Component\\Console\\Input\\ArgvInput->parseToken()
#3 /opt/lampp/htdocs/laravel/ecommerce/vendor/symfony/console/Input/Input.php(55): Symfony\\Component\\Console\\Input\\ArgvInput->parse()
#4 /opt/lampp/htdocs/laravel/ecommerce/vendor/symfony/console/Command/Command.php(285): Symfony\\Component\\Console\\Input\\Input->bind()
#5 /opt/lampp/htdocs/laravel/ecommerce/vendor/laravel/framework/src/Illuminate/Console/Command.php(180): Symfony\\Component\\Console\\Command\\Command->run()
#6 /opt/lampp/htdocs/laravel/ecommerce/vendor/symfony/console/Application.php(1081): Illuminate\\Console\\Command->run()
#7 /opt/lampp/htdocs/laravel/ecommerce/vendor/symfony/console/Application.php(320): Symfony\\Component\\Console\\Application->doRunCommand()
#8 /opt/lampp/htdocs/laravel/ecommerce/vendor/symfony/console/Application.php(174): Symfony\\Component\\Console\\Application->doRun()
#9 /opt/lampp/htdocs/laravel/ecommerce/vendor/laravel/framework/src/Illuminate/Foundation/Console/Kernel.php(201): Symfony\\Component\\Console\\Application->run()
#10 /opt/lampp/htdocs/laravel/ecommerce/artisan(35): Illuminate\\Foundation\\Console\\Kernel->handle()
#11 {main}
"} 
[2023-08-31 08:20:45] local.ERROR: The "--columns" option does not exist. {"exception":"[object] (Symfony\\Component\\Console\\Exception\\RuntimeException(code: 0): The \"--columns\" option does not exist. at /opt/lampp/htdocs/laravel/ecommerce/vendor/symfony/console/Input/ArgvInput.php:223)
[stacktrace]
#0 /opt/lampp/htdocs/laravel/ecommerce/vendor/symfony/console/Input/ArgvInput.php(150): Symfony\\Component\\Console\\Input\\ArgvInput->addLongOption()
#1 /opt/lampp/htdocs/laravel/ecommerce/vendor/symfony/console/Input/ArgvInput.php(85): Symfony\\Component\\Console\\Input\\ArgvInput->parseLongOption()
#2 /opt/lampp/htdocs/laravel/ecommerce/vendor/symfony/console/Input/ArgvInput.php(74): Symfony\\Component\\Console\\Input\\ArgvInput->parseToken()
#3 /opt/lampp/htdocs/laravel/ecommerce/vendor/symfony/console/Input/Input.php(55): Symfony\\Component\\Console\\Input\\ArgvInput->parse()
#4 /opt/lampp/htdocs/laravel/ecommerce/vendor/symfony/console/Command/Command.php(285): Symfony\\Component\\Console\\Input\\Input->bind()
#5 /opt/lampp/htdocs/laravel/ecommerce/vendor/laravel/framework/src/Illuminate/Console/Command.php(180): Symfony\\Component\\Console\\Command\\Command->run()
#6 /opt/lampp/htdocs/laravel/ecommerce/vendor/symfony/console/Application.php(1081): Illuminate\\Console\\Command->run()
#7 /opt/lampp/htdocs/laravel/ecommerce/vendor/symfony/console/Application.php(320): Symfony\\Component\\Console\\Application->doRunCommand()
#8 /opt/lampp/htdocs/laravel/ecommerce/vendor/symfony/console/Application.php(174): Symfony\\Component\\Console\\Application->doRun()
#9 /opt/lampp/htdocs/laravel/ecommerce/vendor/laravel/framework/src/Illuminate/Foundation/Console/Kernel.php(201): Symfony\\Component\\Console\\Application->run()
#10 /opt/lampp/htdocs/laravel/ecommerce/artisan(35): Illuminate\\Foundation\\Console\\Kernel->handle()
#11 {main}
"} 
[2023-08-31 08:20:49] local.ERROR: The "--columns" option does not exist. {"exception":"[object] (Symfony\\Component\\Console\\Exception\\RuntimeException(code: 0): The \"--columns\" option does not exist. at /opt/lampp/htdocs/laravel/ecommerce/vendor/symfony/console/Input/ArgvInput.php:223)
[stacktrace]
#0 /opt/lampp/htdocs/laravel/ecommerce/vendor/symfony/console/Input/ArgvInput.php(150): Symfony\\Component\\Console\\Input\\ArgvInput->addLongOption()
#1 /opt/lampp/htdocs/laravel/ecommerce/vendor/symfony/console/Input/ArgvInput.php(85): Symfony\\Component\\Console\\Input\\ArgvInput->parseLongOption()
#2 /opt/lampp/htdocs/laravel/ecommerce/vendor/symfony/console/Input/ArgvInput.php(74): Symfony\\Component\\Console\\Input\\ArgvInput->parseToken()
#3 /opt/lampp/htdocs/laravel/ecommerce/vendor/symfony/console/Input/Input.php(55): Symfony\\Component\\Console\\Input\\ArgvInput->parse()
#4 /opt/lampp/htdocs/laravel/ecommerce/vendor/symfony/console/Command/Command.php(285): Symfony\\Component\\Console\\Input\\Input->bind()
#5 /opt/lampp/htdocs/laravel/ecommerce/vendor/laravel/framework/src/Illuminate/Console/Command.php(180): Symfony\\Component\\Console\\Command\\Command->run()
#6 /opt/lampp/htdocs/laravel/ecommerce/vendor/symfony/console/Application.php(1081): Illuminate\\Console\\Command->run()
#7 /opt/lampp/htdocs/laravel/ecommerce/vendor/symfony/console/Application.php(320): Symfony\\Component\\Console\\Application->doRunCommand()
#8 /opt/lampp/htdocs/laravel/ecommerce/vendor/symfony/console/Application.php(174): Symfony\\Component\\Console\\Application->doRun()
#9 /opt/lampp/htdocs/laravel/ecommerce/vendor/laravel/framework/src/Illuminate/Foundation/Console/Kernel.php(201): Symfony\\Component\\Console\\Application->run()
#10 /opt/lampp/htdocs/laravel/ecommerce/artisan(35): Illuminate\\Foundation\\Console\\Kernel->handle()
#11 {main}
"} 
[2023-08-31 08:23:06] local.ERROR: The "--columns" option does not exist. {"exception":"[object] (Symfony\\Component\\Console\\Exception\\RuntimeException(code: 0): The \"--columns\" option does not exist. at /opt/lampp/htdocs/laravel/ecommerce/vendor/symfony/console/Input/ArgvInput.php:223)
[stacktrace]
#0 /opt/lampp/htdocs/laravel/ecommerce/vendor/symfony/console/Input/ArgvInput.php(150): Symfony\\Component\\Console\\Input\\ArgvInput->addLongOption()
#1 /opt/lampp/htdocs/laravel/ecommerce/vendor/symfony/console/Input/ArgvInput.php(85): Symfony\\Component\\Console\\Input\\ArgvInput->parseLongOption()
#2 /opt/lampp/htdocs/laravel/ecommerce/vendor/symfony/console/Input/ArgvInput.php(74): Symfony\\Component\\Console\\Input\\ArgvInput->parseToken()
#3 /opt/lampp/htdocs/laravel/ecommerce/vendor/symfony/console/Input/Input.php(55): Symfony\\Component\\Console\\Input\\ArgvInput->parse()
#4 /opt/lampp/htdocs/laravel/ecommerce/vendor/symfony/console/Command/Command.php(285): Symfony\\Component\\Console\\Input\\Input->bind()
#5 /opt/lampp/htdocs/laravel/ecommerce/vendor/laravel/framework/src/Illuminate/Console/Command.php(180): Symfony\\Component\\Console\\Command\\Command->run()
#6 /opt/lampp/htdocs/laravel/ecommerce/vendor/symfony/console/Application.php(1081): Illuminate\\Console\\Command->run()
#7 /opt/lampp/htdocs/laravel/ecommerce/vendor/symfony/console/Application.php(320): Symfony\\Component\\Console\\Application->doRunCommand()
#8 /opt/lampp/htdocs/laravel/ecommerce/vendor/symfony/console/Application.php(174): Symfony\\Component\\Console\\Application->doRun()
#9 /opt/lampp/htdocs/laravel/ecommerce/vendor/laravel/framework/src/Illuminate/Foundation/Console/Kernel.php(201): Symfony\\Component\\Console\\Application->run()
#10 /opt/lampp/htdocs/laravel/ecommerce/artisan(35): Illuminate\\Foundation\\Console\\Kernel->handle()
#11 {main}
"} 
[2023-08-31 08:23:11] local.ERROR: The "--columns" option does not exist. {"exception":"[object] (Symfony\\Component\\Console\\Exception\\RuntimeException(code: 0): The \"--columns\" option does not exist. at /opt/lampp/htdocs/laravel/ecommerce/vendor/symfony/console/Input/ArgvInput.php:223)
[stacktrace]
#0 /opt/lampp/htdocs/laravel/ecommerce/vendor/symfony/console/Input/ArgvInput.php(150): Symfony\\Component\\Console\\Input\\ArgvInput->addLongOption()
#1 /opt/lampp/htdocs/laravel/ecommerce/vendor/symfony/console/Input/ArgvInput.php(85): Symfony\\Component\\Console\\Input\\ArgvInput->parseLongOption()
#2 /opt/lampp/htdocs/laravel/ecommerce/vendor/symfony/console/Input/ArgvInput.php(74): Symfony\\Component\\Console\\Input\\ArgvInput->parseToken()
#3 /opt/lampp/htdocs/laravel/ecommerce/vendor/symfony/console/Input/Input.php(55): Symfony\\Component\\Console\\Input\\ArgvInput->parse()
#4 /opt/lampp/htdocs/laravel/ecommerce/vendor/symfony/console/Command/Command.php(285): Symfony\\Component\\Console\\Input\\Input->bind()
#5 /opt/lampp/htdocs/laravel/ecommerce/vendor/laravel/framework/src/Illuminate/Console/Command.php(180): Symfony\\Component\\Console\\Command\\Command->run()
#6 /opt/lampp/htdocs/laravel/ecommerce/vendor/symfony/console/Application.php(1081): Illuminate\\Console\\Command->run()
#7 /opt/lampp/htdocs/laravel/ecommerce/vendor/symfony/console/Application.php(320): Symfony\\Component\\Console\\Application->doRunCommand()
#8 /opt/lampp/htdocs/laravel/ecommerce/vendor/symfony/console/Application.php(174): Symfony\\Component\\Console\\Application->doRun()
#9 /opt/lampp/htdocs/laravel/ecommerce/vendor/laravel/framework/src/Illuminate/Foundation/Console/Kernel.php(201): Symfony\\Component\\Console\\Application->run()
#10 /opt/lampp/htdocs/laravel/ecommerce/artisan(35): Illuminate\\Foundation\\Console\\Kernel->handle()
#11 {main}
"} 
[2023-08-31 08:23:14] local.ERROR: The "--columns" option does not exist. {"exception":"[object] (Symfony\\Component\\Console\\Exception\\RuntimeException(code: 0): The \"--columns\" option does not exist. at /opt/lampp/htdocs/laravel/ecommerce/vendor/symfony/console/Input/ArgvInput.php:223)
[stacktrace]
#0 /opt/lampp/htdocs/laravel/ecommerce/vendor/symfony/console/Input/ArgvInput.php(150): Symfony\\Component\\Console\\Input\\ArgvInput->addLongOption()
#1 /opt/lampp/htdocs/laravel/ecommerce/vendor/symfony/console/Input/ArgvInput.php(85): Symfony\\Component\\Console\\Input\\ArgvInput->parseLongOption()
#2 /opt/lampp/htdocs/laravel/ecommerce/vendor/symfony/console/Input/ArgvInput.php(74): Symfony\\Component\\Console\\Input\\ArgvInput->parseToken()
#3 /opt/lampp/htdocs/laravel/ecommerce/vendor/symfony/console/Input/Input.php(55): Symfony\\Component\\Console\\Input\\ArgvInput->parse()
#4 /opt/lampp/htdocs/laravel/ecommerce/vendor/symfony/console/Command/Command.php(285): Symfony\\Component\\Console\\Input\\Input->bind()
#5 /opt/lampp/htdocs/laravel/ecommerce/vendor/laravel/framework/src/Illuminate/Console/Command.php(180): Symfony\\Component\\Console\\Command\\Command->run()
#6 /opt/lampp/htdocs/laravel/ecommerce/vendor/symfony/console/Application.php(1081): Illuminate\\Console\\Command->run()
#7 /opt/lampp/htdocs/laravel/ecommerce/vendor/symfony/console/Application.php(320): Symfony\\Component\\Console\\Application->doRunCommand()
#8 /opt/lampp/htdocs/laravel/ecommerce/vendor/symfony/console/Application.php(174): Symfony\\Component\\Console\\Application->doRun()
#9 /opt/lampp/htdocs/laravel/ecommerce/vendor/laravel/framework/src/Illuminate/Foundation/Console/Kernel.php(201): Symfony\\Component\\Console\\Application->run()
#10 /opt/lampp/htdocs/laravel/ecommerce/artisan(35): Illuminate\\Foundation\\Console\\Kernel->handle()
#11 {main}
"} 
